<?xml version="1.0" encoding="UTF-8"?>
<!-- Generated by org.testng.reporters.JUnitReportReporter -->
<testsuite hostname="LAPTOP-BUD0QHON" failures="0" tests="1" name="testCase.TestCase_001" time="2.234" errors="0" timestamp="2025-01-12T13:20:40 IST" skipped="0">
  <testcase classname="testCase.TestCase_001" name="TestCase1" time="2.234"/>
</testsuite> <!-- testCase.TestCase_001 -->
